<?xml version="1.0" encoding="UTF-8"?>
<testng-results skipped="0" failed="1" ignored="0" total="1" passed="0">
  <reporter-output>
    <line>
      <![CDATA[Expected lat: 37.7577627 Actual lat: 20.9880135]]>
    </line>
    <line>
      <![CDATA[Expected long: -122.4726194 Actual long: 82.7525294]]>
    </line>
  </reporter-output>
  <suite name="Default suite" duration-ms="57479" started-at="2019-11-03T14:41:40 IST" finished-at="2019-11-03T14:42:37 IST">
    <groups>
    </groups>
    <test name="Default test" duration-ms="57479" started-at="2019-11-03T14:41:40 IST" finished-at="2019-11-03T14:42:37 IST">
      <class name="com.exl.healthcare.TC004_verifycoordinates">
        <test-method status="PASS" signature="setUp()[pri:0, instance:com.exl.healthcare.TC004_verifycoordinates@4b1c1ea0]" name="setUp" is-config="true" duration-ms="40870" started-at="2019-11-03T14:41:40 IST" finished-at="2019-11-03T14:42:21 IST">
          <reporter-output>
          </reporter-output>
        </test-method> <!-- setUp -->
        <test-method status="FAIL" signature="verify_searchIngooglemap()[pri:0, instance:com.exl.healthcare.TC004_verifycoordinates@4b1c1ea0]" name="verify_searchIngooglemap" duration-ms="16392" started-at="2019-11-03T14:42:21 IST" finished-at="2019-11-03T14:42:37 IST">
          <exception class="java.lang.AssertionError">
            <message>
              <![CDATA[did not expect to find [true] but found [false]]]>
            </message>
            <full-stacktrace>
              <![CDATA[java.lang.AssertionError: did not expect to find [true] but found [false]
at org.testng.Assert.fail(Assert.java:97)
at org.testng.Assert.failNotEquals(Assert.java:969)
at org.testng.Assert.assertTrue(Assert.java:43)
at org.testng.Assert.assertTrue(Assert.java:53)
at com.exl.healthcare.TC004_verifycoordinates.verify_searchIngooglemap(TC004_verifycoordinates.java:37)
at sun.reflect.NativeMethodAccessorImpl.invoke0(Native Method)
at sun.reflect.NativeMethodAccessorImpl.invoke(Unknown Source)
at sun.reflect.DelegatingMethodAccessorImpl.invoke(Unknown Source)
at java.lang.reflect.Method.invoke(Unknown Source)
at org.testng.internal.MethodInvocationHelper.invokeMethod(MethodInvocationHelper.java:133)
at org.testng.internal.TestInvoker.invokeMethod(TestInvoker.java:584)
at org.testng.internal.TestInvoker.invokeTestMethod(TestInvoker.java:172)
at org.testng.internal.MethodRunner.runInSequence(MethodRunner.java:46)
at org.testng.internal.TestInvoker$MethodInvocationAgent.invoke(TestInvoker.java:804)
at org.testng.internal.TestInvoker.invokeTestMethods(TestInvoker.java:145)
at org.testng.internal.TestMethodWorker.invokeTestMethods(TestMethodWorker.java:146)
at org.testng.internal.TestMethodWorker.run(TestMethodWorker.java:128)
at java.util.ArrayList.forEach(Unknown Source)
at org.testng.TestRunner.privateRun(TestRunner.java:770)
at org.testng.TestRunner.run(TestRunner.java:591)
at org.testng.SuiteRunner.runTest(SuiteRunner.java:402)
at org.testng.SuiteRunner.runSequentially(SuiteRunner.java:396)
at org.testng.SuiteRunner.privateRun(SuiteRunner.java:355)
at org.testng.SuiteRunner.run(SuiteRunner.java:304)
at org.testng.SuiteRunnerWorker.runSuite(SuiteRunnerWorker.java:53)
at org.testng.SuiteRunnerWorker.run(SuiteRunnerWorker.java:96)
at org.testng.TestNG.runSuitesSequentially(TestNG.java:1180)
at org.testng.TestNG.runSuitesLocally(TestNG.java:1102)
at org.testng.TestNG.runSuites(TestNG.java:1032)
at org.testng.TestNG.run(TestNG.java:1000)
at org.testng.remote.AbstractRemoteTestNG.run(AbstractRemoteTestNG.java:115)
at org.testng.remote.RemoteTestNG.initAndRun(RemoteTestNG.java:251)
at org.testng.remote.RemoteTestNG.main(RemoteTestNG.java:77)
]]>
            </full-stacktrace>
          </exception> <!-- java.lang.AssertionError -->
          <reporter-output>
            <line>
              <![CDATA[Expected lat: 37.7577627 Actual lat: 20.9880135]]>
            </line>
            <line>
              <![CDATA[Expected long: -122.4726194 Actual long: 82.7525294]]>
            </line>
          </reporter-output>
        </test-method> <!-- verify_searchIngooglemap -->
        <test-method status="PASS" signature="closeBrowser()[pri:0, instance:com.exl.healthcare.TC004_verifycoordinates@4b1c1ea0]" name="closeBrowser" is-config="true" duration-ms="1" started-at="2019-11-03T14:42:37 IST" finished-at="2019-11-03T14:42:37 IST">
          <reporter-output>
          </reporter-output>
        </test-method> <!-- closeBrowser -->
      </class> <!-- com.exl.healthcare.TC004_verifycoordinates -->
    </test> <!-- Default test -->
  </suite> <!-- Default suite -->
</testng-results>
